<<<<<<< HEAD
|2025-02-14 23:09:17 [INFO]: Servidor corriendo
2025-02-14 23:09:36 [INFO]: GET /terminal/1 304 - - 35.181 ms {}
2025-02-14 23:09:36 [INFO]: GET /terminal/1/usuarios 304 - - 70.573 ms {}
2025-02-14 23:12:26 [INFO]: GET /usuario/2 304 - - 6.339 ms {}
2025-02-14 23:12:26 [INFO]: GET /usuario/2/gestion/2025/mes/1 200 4621 - 104.704 ms {}
2025-02-14 23:12:29 [INFO]: GET /terminal/1/pri-marcacion 200 12 - 109.807 ms {}
2025-02-14 23:12:29 [INFO]: GET /horarios 200 4016 - 7.871 ms {}
2025-02-14 23:12:39 [INFO]: GET /asignar-horario/1/usuarios/2,3,4,5,6,7,8,9,10,11,12,13,14,15,16,17,18,19,20,21,22,23,24,25,26,27,28,29,30,31,32,33,34,35,36,37,38,39,40,41,42,43,44,45,46,47,48,49,50,51,52,53,54,55,56,57,58,59,60,61,63,64,65,66,67,68,70,71,72,73,74,75,76,77,78,79,80,81,82,83,84,85,86,87,88,89,91,92,93,94,95,96,97,98,99,100,101,102,103,104,105,106,107,108,109,110,111,112,113,114,115,117,118,119,120,121,122,123,124,125,126/ini/20250201/fin/20250228/jornadas/[%7B%22habilitado%22:true,%22id%22:1,%22dia%22:%22Lunes%22,%22priEntrada%22:%2208:00:00%22,%22priSalida%22:%2212:00:00%22,%22segEntrada%22:%2214:00:00%22,%22segSalida%22:%2218:00:00%22%7D,%7B%22habilitado%22:true,%22id%22:2,%22dia%22:%22Martes%22,%22priEntrada%22:%2208:00:00%22,%22priSalida%22:%2212:00:00%22,%22segEntrada%22:%2214:00:00%22,%22segSalida%22:%2218:00:00%22%7D,%7B%22habilitado%22:true,%22id%22:3,%22dia%22:%22Miercoles%22,%22priEntrada%22:%2208:00:00%22,%22priSalida%22:%2212:00:00%22,%22segEntrada%22:%2214:00:00%22,%22segSalida%22:%2218:00:00%22%7D,%7B%22habilitado%22:true,%22id%22:4,%22dia%22:%22Jueves%22,%22priEntrada%22:%2208:00:00%22,%22priSalida%22:%2212:00:00%22,%22segEntrada%22:%2214:00:00%22,%22segSalida%22:%2218:00:00%22%7D,%7B%22habilitado%22:true,%22id%22:5,%22dia%22:%22Viernes%22,%22priEntrada%22:%2208:00:00%22,%22priSalida%22:%2212:00:00%22,%22segEntrada%22:%2214:00:00%22,%22segSalida%22:%2218:00:00%22%7D,%7B%22habilitado%22:false,%22id%22:6,%22dia%22:%22Sabado%22,%22priEntrada%22:null,%22priSalida%22:null,%22segEntrada%22:null,%22segSalida%22:null%7D,%7B%22habilitado%22:false,%22id%22:7,%22dia%22:%22Domingo%22,%22priEntrada%22:null,%22priSalida%22:null,%22segEntrada%22:null,%22segSalida%22:null%7D] 200 12 - 712.499 ms {}
2025-02-14 23:19:38 [ERROR]: prue4ba
2025-02-14 23:19:39 [INFO]: Servidor corriendo
2025-02-14 23:23:07 [INFO]: Servidor corriendo
2025-02-14 23:31:06 [INFO]: GET /horarios 304 - - 34.723 ms {}
2025-02-14 23:31:07 [INFO]: GET /terminales 200 1320 - 3.687 ms {}
2025-02-14 23:31:08 [INFO]: GET /horarios 304 - - 6.916 ms {}
2025-02-14 23:31:09 [INFO]: GET /asuetos 200 1584 - 14.398 ms {}
2025-02-14 23:31:09 [INFO]: GET /licencias 200 229 - 12.477 ms {}
2025-02-14 23:31:10 [INFO]: GET /terminales 304 - - 4.116 ms {}
2025-02-14 23:31:55 [INFO]: GET /terminales 304 - - 5.142 ms {}
2025-02-14 23:31:56 [INFO]: GET /terminal/1 304 - - 2.179 ms {}
2025-02-14 23:31:56 [INFO]: GET /terminal/1/usuarios 304 - - 31.359 ms {}
2025-02-14 23:31:58 [INFO]: GET /usuario/3 304 - - 8.815 ms {}
2025-02-14 23:31:58 [INFO]: GET /usuario/3/ini/20250101/fin/20250130 304 - - 211.053 ms {}
2025-02-14 23:32:02 [INFO]: GET /terminal/1/usuarios 304 - - 12.502 ms {}
2025-02-14 23:32:02 [INFO]: GET /terminal/1 304 - - 7.675 ms {}
2025-02-14 23:32:03 [INFO]: GET /usuario/5 304 - - 2.013 ms {}
2025-02-14 23:32:03 [INFO]: GET /usuario/5/ini/20250101/fin/20250130 200 7223 - 169.700 ms {}
2025-02-14 23:32:36 [INFO]: GET /terminal/1 304 - - 5.165 ms {}
2025-02-14 23:32:36 [INFO]: GET /terminal/1/usuarios 304 - - 17.336 ms {}
2025-02-14 23:35:37 [INFO]: GET /usuario/7 200 279 - 3.278 ms {}
2025-02-14 23:35:37 [INFO]: GET /usuario/7/gestion/2025/mes/1 200 9953 - 108.201 ms {}
2025-02-14 23:35:43 [INFO]: GET /usuario/7/gestion/2025/mes/0 200 9279 - 75.216 ms {}
2025-02-14 23:35:45 [INFO]: GET /usuario/7/gestion/2025/mes/1 304 - - 70.473 ms {}
2025-02-15 00:09:53 [INFO]: GET /usuario/2/ini/20250101/fin/20250130 304 - - 223.433 ms {}
2025-02-15 00:09:53 [INFO]: GET /usuario/3/ini/20250101/fin/20250130 304 - - 134.143 ms {}
2025-02-15 00:09:53 [INFO]: GET /usuario/4/ini/20250101/fin/20250130 304 - - 127.371 ms {}
2025-02-15 00:09:53 [INFO]: GET /usuario/5/ini/20250101/fin/20250130 304 - - 144.164 ms {}
2025-02-15 00:09:54 [INFO]: GET /usuario/6/ini/20250101/fin/20250130 304 - - 121.221 ms {}
2025-02-15 00:09:54 [INFO]: GET /usuario/7/ini/20250101/fin/20250130 304 - - 156.529 ms {}
2025-02-15 00:09:54 [INFO]: GET /usuario/8/ini/20250101/fin/20250130 304 - - 138.383 ms {}
2025-02-15 00:09:54 [INFO]: GET /usuario/9/ini/20250101/fin/20250130 304 - - 120.507 ms {}
2025-02-15 00:09:54 [INFO]: GET /usuario/10/ini/20250101/fin/20250130 304 - - 136.678 ms {}
2025-02-15 00:09:54 [INFO]: GET /usuario/11/ini/20250101/fin/20250130 304 - - 113.037 ms {}
2025-02-15 00:09:54 [INFO]: GET /usuario/12/ini/20250101/fin/20250130 304 - - 115.608 ms {}
2025-02-15 00:09:55 [INFO]: GET /usuario/13/ini/20250101/fin/20250130 304 - - 114.383 ms {}
2025-02-15 00:09:55 [INFO]: GET /usuario/14/ini/20250101/fin/20250130 304 - - 108.960 ms {}
2025-02-15 00:09:55 [INFO]: GET /usuario/15/ini/20250101/fin/20250130 304 - - 123.519 ms {}
2025-02-15 00:09:55 [INFO]: GET /usuario/16/ini/20250101/fin/20250130 304 - - 110.278 ms {}
2025-02-15 00:09:55 [INFO]: GET /usuario/17/ini/20250101/fin/20250130 304 - - 106.167 ms {}
2025-02-15 00:09:55 [INFO]: GET /usuario/18/ini/20250101/fin/20250130 304 - - 121.772 ms {}
2025-02-15 00:09:55 [INFO]: GET /usuario/19/ini/20250101/fin/20250130 304 - - 110.455 ms {}
2025-02-15 00:09:55 [INFO]: GET /usuario/20/ini/20250101/fin/20250130 304 - - 107.321 ms {}
2025-02-15 00:09:56 [INFO]: GET /usuario/21/ini/20250101/fin/20250130 304 - - 107.852 ms {}
2025-02-15 00:09:56 [INFO]: GET /usuario/22/ini/20250101/fin/20250130 304 - - 107.377 ms {}
2025-02-15 00:09:56 [INFO]: GET /usuario/23/ini/20250101/fin/20250130 304 - - 105.057 ms {}
2025-02-15 00:09:56 [INFO]: GET /usuario/24/ini/20250101/fin/20250130 304 - - 105.131 ms {}
2025-02-15 00:09:56 [INFO]: GET /usuario/25/ini/20250101/fin/20250130 304 - - 99.982 ms {}
2025-02-15 00:09:56 [INFO]: GET /usuario/26/ini/20250101/fin/20250130 304 - - 97.842 ms {}
2025-02-15 00:09:56 [INFO]: GET /usuario/27/ini/20250101/fin/20250130 304 - - 97.452 ms {}
2025-02-15 00:09:56 [INFO]: GET /usuario/28/ini/20250101/fin/20250130 304 - - 97.534 ms {}
2025-02-15 00:09:56 [INFO]: GET /usuario/29/ini/20250101/fin/20250130 304 - - 99.012 ms {}
2025-02-15 00:09:57 [INFO]: GET /usuario/30/ini/20250101/fin/20250130 304 - - 137.317 ms {}
2025-02-15 00:09:57 [INFO]: GET /usuario/31/ini/20250101/fin/20250130 304 - - 91.610 ms {}
2025-02-15 00:09:57 [INFO]: GET /usuario/32/ini/20250101/fin/20250130 304 - - 97.255 ms {}
2025-02-15 00:09:57 [INFO]: GET /usuario/33/ini/20250101/fin/20250130 304 - - 113.935 ms {}
2025-02-15 00:09:57 [INFO]: GET /usuario/34/ini/20250101/fin/20250130 304 - - 101.970 ms {}
2025-02-15 00:09:57 [INFO]: GET /usuario/35/ini/20250101/fin/20250130 304 - - 96.703 ms {}
2025-02-15 00:09:57 [INFO]: GET /usuario/36/ini/20250101/fin/20250130 304 - - 99.018 ms {}
2025-02-15 00:09:57 [INFO]: GET /usuario/37/ini/20250101/fin/20250130 304 - - 97.268 ms {}
2025-02-15 00:09:57 [INFO]: GET /usuario/38/ini/20250101/fin/20250130 304 - - 96.578 ms {}
2025-02-15 00:09:57 [INFO]: GET /usuario/39/ini/20250101/fin/20250130 304 - - 93.642 ms {}
2025-02-15 00:09:58 [INFO]: GET /usuario/40/ini/20250101/fin/20250130 304 - - 97.753 ms {}
2025-02-15 00:09:58 [INFO]: GET /usuario/41/ini/20250101/fin/20250130 304 - - 101.430 ms {}
2025-02-15 00:09:58 [INFO]: GET /usuario/42/ini/20250101/fin/20250130 304 - - 94.559 ms {}
2025-02-15 00:09:58 [INFO]: GET /usuario/43/ini/20250101/fin/20250130 304 - - 102.594 ms {}
2025-02-15 00:09:58 [INFO]: GET /usuario/44/ini/20250101/fin/20250130 304 - - 102.465 ms {}
2025-02-15 00:09:58 [INFO]: GET /usuario/45/ini/20250101/fin/20250130 304 - - 95.780 ms {}
2025-02-15 00:09:58 [INFO]: GET /usuario/46/ini/20250101/fin/20250130 304 - - 95.573 ms {}
2025-02-15 00:09:58 [INFO]: GET /usuario/47/ini/20250101/fin/20250130 304 - - 104.448 ms {}
2025-02-15 00:09:58 [INFO]: GET /usuario/48/ini/20250101/fin/20250130 304 - - 104.383 ms {}
2025-02-15 00:09:59 [INFO]: GET /usuario/49/ini/20250101/fin/20250130 304 - - 99.076 ms {}
2025-02-15 00:09:59 [INFO]: GET /usuario/50/ini/20250101/fin/20250130 304 - - 99.290 ms {}
2025-02-15 00:09:59 [INFO]: GET /usuario/51/ini/20250101/fin/20250130 304 - - 93.895 ms {}
2025-02-15 00:09:59 [INFO]: GET /usuario/52/ini/20250101/fin/20250130 304 - - 95.776 ms {}
2025-02-15 00:09:59 [INFO]: GET /usuario/53/ini/20250101/fin/20250130 304 - - 100.584 ms {}
2025-02-15 00:09:59 [INFO]: GET /usuario/54/ini/20250101/fin/20250130 304 - - 95.061 ms {}
2025-02-15 00:09:59 [INFO]: GET /usuario/55/ini/20250101/fin/20250130 304 - - 92.641 ms {}
2025-02-15 00:09:59 [INFO]: GET /usuario/56/ini/20250101/fin/20250130 304 - - 94.002 ms {}
2025-02-15 00:09:59 [INFO]: GET /usuario/57/ini/20250101/fin/20250130 304 - - 96.393 ms {}
2025-02-15 00:09:59 [INFO]: GET /usuario/58/ini/20250101/fin/20250130 304 - - 93.723 ms {}
2025-02-15 00:10:00 [INFO]: GET /usuario/59/ini/20250101/fin/20250130 304 - - 107.898 ms {}
2025-02-15 00:10:00 [INFO]: GET /usuario/60/ini/20250101/fin/20250130 304 - - 100.718 ms {}
2025-02-15 00:10:00 [INFO]: GET /usuario/61/ini/20250101/fin/20250130 304 - - 100.131 ms {}
2025-02-15 00:10:00 [INFO]: GET /usuario/63/ini/20250101/fin/20250130 304 - - 110.629 ms {}
2025-02-15 00:10:00 [INFO]: GET /usuario/64/ini/20250101/fin/20250130 304 - - 105.193 ms {}
2025-02-15 00:10:00 [INFO]: GET /usuario/65/ini/20250101/fin/20250130 304 - - 95.535 ms {}
2025-02-15 00:10:00 [INFO]: GET /usuario/66/ini/20250101/fin/20250130 304 - - 94.946 ms {}
2025-02-15 00:10:00 [INFO]: GET /usuario/67/ini/20250101/fin/20250130 304 - - 91.736 ms {}
2025-02-15 00:10:00 [INFO]: GET /usuario/68/ini/20250101/fin/20250130 304 - - 85.978 ms {}
2025-02-15 00:10:01 [INFO]: GET /usuario/70/ini/20250101/fin/20250130 304 - - 88.703 ms {}
2025-02-15 00:10:01 [INFO]: GET /usuario/71/ini/20250101/fin/20250130 304 - - 82.123 ms {}
2025-02-15 00:10:01 [INFO]: GET /usuario/72/ini/20250101/fin/20250130 304 - - 84.315 ms {}
2025-02-15 00:10:01 [INFO]: GET /usuario/73/ini/20250101/fin/20250130 304 - - 83.429 ms {}
2025-02-15 00:10:01 [INFO]: GET /usuario/74/ini/20250101/fin/20250130 304 - - 84.394 ms {}
2025-02-15 00:10:01 [INFO]: GET /usuario/75/ini/20250101/fin/20250130 304 - - 77.591 ms {}
2025-02-15 00:10:01 [INFO]: GET /usuario/76/ini/20250101/fin/20250130 304 - - 73.440 ms {}
2025-02-15 00:10:01 [INFO]: GET /usuario/77/ini/20250101/fin/20250130 304 - - 74.067 ms {}
2025-02-15 00:10:01 [INFO]: GET /usuario/78/ini/20250101/fin/20250130 304 - - 71.070 ms {}
2025-02-15 00:10:01 [INFO]: GET /usuario/79/ini/20250101/fin/20250130 304 - - 74.802 ms {}
2025-02-15 00:10:01 [INFO]: GET /usuario/80/ini/20250101/fin/20250130 200 6035 - 73.585 ms {}
2025-02-15 00:10:01 [INFO]: GET /usuario/81/ini/20250101/fin/20250130 304 - - 71.589 ms {}
2025-02-15 00:10:02 [INFO]: GET /usuario/82/ini/20250101/fin/20250130 304 - - 80.081 ms {}
2025-02-15 00:10:02 [INFO]: GET /usuario/83/ini/20250101/fin/20250130 304 - - 73.184 ms {}
2025-02-15 00:10:02 [INFO]: GET /usuario/84/ini/20250101/fin/20250130 304 - - 66.608 ms {}
2025-02-15 00:10:02 [INFO]: GET /usuario/85/ini/20250101/fin/20250130 304 - - 64.166 ms {}
2025-02-15 00:10:02 [INFO]: GET /usuario/86/ini/20250101/fin/20250130 304 - - 43.859 ms {}
2025-02-15 00:10:02 [INFO]: GET /usuario/87/ini/20250101/fin/20250130 304 - - 59.414 ms {}
2025-02-15 00:10:02 [INFO]: GET /usuario/88/ini/20250101/fin/20250130 304 - - 65.969 ms {}
2025-02-15 00:10:02 [INFO]: GET /usuario/89/ini/20250101/fin/20250130 304 - - 59.676 ms {}
2025-02-15 00:10:02 [INFO]: GET /usuario/91/ini/20250101/fin/20250130 304 - - 58.019 ms {}
2025-02-15 00:10:02 [INFO]: GET /usuario/92/ini/20250101/fin/20250130 304 - - 59.394 ms {}
2025-02-15 00:10:02 [INFO]: GET /usuario/93/ini/20250101/fin/20250130 304 - - 55.332 ms {}
2025-02-15 00:10:02 [INFO]: GET /usuario/94/ini/20250101/fin/20250130 304 - - 56.107 ms {}
2025-02-15 00:10:02 [INFO]: GET /usuario/95/ini/20250101/fin/20250130 304 - - 56.172 ms {}
2025-02-15 00:10:02 [INFO]: GET /usuario/96/ini/20250101/fin/20250130 304 - - 53.007 ms {}
2025-02-15 00:10:02 [INFO]: GET /usuario/97/ini/20250101/fin/20250130 304 - - 57.645 ms {}
2025-02-15 00:10:03 [INFO]: GET /usuario/98/ini/20250101/fin/20250130 304 - - 60.955 ms {}
2025-02-15 00:10:03 [INFO]: GET /usuario/99/ini/20250101/fin/20250130 304 - - 60.011 ms {}
2025-02-15 00:10:03 [INFO]: GET /usuario/100/ini/20250101/fin/20250130 304 - - 59.758 ms {}
2025-02-15 00:10:03 [INFO]: GET /usuario/101/ini/20250101/fin/20250130 304 - - 54.624 ms {}
2025-02-15 00:10:03 [INFO]: GET /usuario/102/ini/20250101/fin/20250130 304 - - 53.254 ms {}
2025-02-15 00:10:03 [INFO]: GET /usuario/103/ini/20250101/fin/20250130 304 - - 58.247 ms {}
2025-02-15 00:10:03 [INFO]: GET /usuario/104/ini/20250101/fin/20250130 304 - - 56.441 ms {}
2025-02-15 00:10:03 [INFO]: GET /usuario/105/ini/20250101/fin/20250130 304 - - 54.681 ms {}
2025-02-15 00:10:03 [INFO]: GET /usuario/106/ini/20250101/fin/20250130 304 - - 49.867 ms {}
2025-02-15 00:10:03 [INFO]: GET /usuario/107/ini/20250101/fin/20250130 304 - - 48.313 ms {}
2025-02-15 00:10:03 [INFO]: GET /usuario/108/ini/20250101/fin/20250130 304 - - 49.660 ms {}
2025-02-15 00:10:03 [INFO]: GET /usuario/109/ini/20250101/fin/20250130 304 - - 48.453 ms {}
2025-02-15 00:10:03 [INFO]: GET /usuario/110/ini/20250101/fin/20250130 304 - - 48.435 ms {}
2025-02-15 00:10:03 [INFO]: GET /usuario/111/ini/20250101/fin/20250130 304 - - 48.808 ms {}
2025-02-15 00:10:03 [INFO]: GET /usuario/112/ini/20250101/fin/20250130 304 - - 46.515 ms {}
2025-02-15 00:10:03 [INFO]: GET /usuario/113/ini/20250101/fin/20250130 304 - - 44.288 ms {}
2025-02-15 00:10:03 [INFO]: GET /usuario/114/ini/20250101/fin/20250130 304 - - 48.894 ms {}
2025-02-15 00:10:03 [INFO]: GET /usuario/115/ini/20250101/fin/20250130 304 - - 40.054 ms {}
2025-02-15 00:10:04 [INFO]: GET /usuario/117/ini/20250101/fin/20250130 304 - - 39.142 ms {}
2025-02-15 00:10:04 [INFO]: GET /usuario/118/ini/20250101/fin/20250130 304 - - 42.938 ms {}
2025-02-15 00:10:04 [INFO]: GET /usuario/119/ini/20250101/fin/20250130 304 - - 37.793 ms {}
2025-02-15 00:10:04 [INFO]: GET /usuario/120/ini/20250101/fin/20250130 304 - - 35.887 ms {}
2025-02-15 00:10:04 [INFO]: GET /usuario/121/ini/20250101/fin/20250130 304 - - 38.447 ms {}
2025-02-15 00:10:04 [INFO]: GET /usuario/122/ini/20250101/fin/20250130 304 - - 36.403 ms {}
2025-02-15 00:10:04 [INFO]: GET /usuario/123/ini/20250101/fin/20250130 304 - - 35.792 ms {}
2025-02-15 00:10:04 [INFO]: GET /usuario/124/ini/20250101/fin/20250130 304 - - 33.163 ms {}
2025-02-15 00:10:04 [INFO]: GET /usuario/125/ini/20250101/fin/20250130 304 - - 29.790 ms {}
2025-02-15 00:10:04 [INFO]: GET /usuario/126/ini/20250101/fin/20250130 304 - - 27.303 ms {}
2025-02-15 00:13:09 [INFO]: GET /usuario/6 304 - - 3.339 ms {}
2025-02-15 00:13:09 [INFO]: GET /usuario/6/ini/20250101/fin/20250130 304 - - 162.683 ms {}
2025-02-15 00:13:19 [INFO]: GET /terminal/1/usuarios 304 - - 7.070 ms {}
2025-02-15 00:13:19 [INFO]: GET /terminal/1 304 - - 7.664 ms {}
2025-02-15 00:13:21 [INFO]: GET /usuario/4 304 - - 2.147 ms {}
2025-02-15 00:13:21 [INFO]: GET /usuario/4/gestion/2025/mes/1 200 9953 - 84.742 ms {}
2025-02-15 00:13:24 [INFO]: GET /usuario/4/gestion/2025/mes/0 200 9279 - 47.330 ms {}
2025-02-15 00:13:25 [INFO]: GET /usuario/4/gestion/2025/mes/1 304 - - 51.243 ms {}
2025-02-15 00:13:26 [INFO]: GET /usuario/4/gestion/2025/mes/2 200 5327 - 64.157 ms {}
2025-02-15 00:13:27 [INFO]: GET /usuario/4/gestion/2025/mes/1 304 - - 62.653 ms {}
2025-02-15 00:15:30 [INFO]: GET /usuario/86 200 265 - 4.634 ms {}
2025-02-15 00:15:31 [INFO]: GET /usuario/86/ini/20250101/fin/20250130 304 - - 93.119 ms {}
2025-02-15 00:15:41 [INFO]: GET /terminal/1 304 - - 1.419 ms {}
2025-02-15 00:15:41 [INFO]: GET /terminal/1/usuarios 304 - - 10.949 ms {}
=======
2025-02-14 18:03:36 [INFO]: Servidor corriendo
2025-02-14 18:06:24 [INFO]: Servidor corriendo
2025-02-17 09:31:37 [INFO]: Servidor Iniciado
2025-02-17 12:01:21 [INFO]: Servidor Iniciado
2025-02-17 16:43:32 [INFO]: Servidor Iniciado
>>>>>>> e4e3825aaee2cd15ee597fa497858efc9bfac2ed
2025-02-24 09:45:24 [INFO]: Servidor Iniciado
2025-02-24 09:46:46 [INFO]: GET /terminales 200 1254 - 28.468 ms {}
2025-02-24 09:46:48 [INFO]: GET /terminal/1 304 - - 7.654 ms {}
2025-02-24 09:46:48 [INFO]: GET /terminal/1/usuarios 304 - - 55.987 ms {}
2025-02-24 09:47:10 [INFO]: GET /terminal/sincronizar/1 200 19918 - 8325.535 ms {}
2025-02-24 09:47:56 [INFO]: GET /usuario/13 200 290 - 3.655 ms {}
2025-02-24 09:47:56 [INFO]: GET /usuario/13/ini/20250201/fin/20250221 200 3244 - 84.566 ms {}
2025-02-24 09:47:57 [INFO]: GET /terminal/1/usuarios 200 19775 - 10.010 ms {}
2025-02-24 09:47:57 [INFO]: GET /terminal/1 200 136 - 2.135 ms {}
2025-02-24 09:48:01 [INFO]: GET /usuario/80 200 282 - 5.790 ms {}
2025-02-24 09:48:01 [INFO]: GET /usuario/80/ini/20250201/fin/20250224 200 6123 - 368.764 ms {}
2025-02-24 09:48:26 [INFO]: GET /terminal/1/usuarios 200 19775 - 17.834 ms {}
2025-02-24 09:48:26 [INFO]: GET /terminal/1 200 136 - 2.993 ms {}
2025-02-24 09:49:44 [INFO]: Servidor Iniciado
2025-02-24 09:50:29 [INFO]: Servidor Iniciado
2025-02-24 09:50:33 [INFO]: GET /terminal/1 200 136 - 15.237 ms {}
2025-02-24 09:50:33 [INFO]: GET /terminal/1/usuarios 200 19775 - 56.633 ms {}
2025-02-24 09:50:45 [INFO]: GET /terminal/sincronizar/1 200 19916 - 5850.680 ms {}
2025-02-24 09:59:28 [INFO]: Servidor Iniciado
2025-02-24 10:28:02 [INFO]: GET /terminal/1 200 136 - 14.828 ms {}
2025-02-24 10:29:54 [INFO]: GET /terminal/1/usuarios 200 19775 - 3954.820 ms {}
2025-02-24 10:40:01 [INFO]: Servidor Iniciado
2025-02-24 10:40:36 [INFO]: GET /terminales 200 1254 - 14.997 ms {}
2025-02-24 10:40:39 [INFO]: GET /terminales 200 1254 - 7.653 ms {}
2025-02-24 10:41:49 [INFO]: GET /terminal/1 304 - - 9.847 ms {}
2025-02-24 10:41:49 [INFO]: GET /terminal/1/usuarios 304 - - 52.348 ms {}
2025-02-24 10:42:09 [INFO]: GET /terminal/sincronizar/1 200 19916 - 5809.923 ms {}
2025-02-24 10:42:48 [INFO]: GET /terminales 200 1254 - 1.874 ms {}
2025-02-24 10:42:50 [INFO]: GET /terminal/11/usuarios 200 2 - 3.384 ms {}
2025-02-24 10:42:50 [INFO]: GET /terminal/11 200 110 - 3.571 ms {}
2025-02-24 10:43:02 [INFO]: GET /terminal/sincronizar/11 200 27760 - 8633.122 ms {}
2025-02-24 10:56:59 [INFO]: GET /terminal/11/usuarios 200 2 - 9.564 ms {}
2025-02-24 10:56:59 [INFO]: GET /terminal/11 200 110 - 6.399 ms {}
2025-02-24 10:57:01 [INFO]: GET /terminales 200 1254 - 4.743 ms {}
2025-02-24 10:57:02 [INFO]: GET /terminal/1/usuarios 200 19775 - 9.552 ms {}
2025-02-24 10:57:02 [INFO]: GET /terminal/1 200 136 - 1.950 ms {}
2025-02-24 10:57:10 [INFO]: GET /usuario/80 200 282 - 4.149 ms {}
2025-02-24 10:57:10 [INFO]: GET /usuario/80/ini/20250201/fin/20250224 200 6123 - 334.135 ms {}
2025-02-24 10:59:01 [INFO]: GET /terminal/1/usuarios 200 19775 - 8.554 ms {}
2025-02-24 10:59:01 [INFO]: GET /terminal/1 200 136 - 1.835 ms {}
2025-02-24 10:59:16 [INFO]: GET /terminal/sincronizar/1 200 19916 - 7825.668 ms {}
2025-02-24 11:19:20 [INFO]: Servidor Iniciado
2025-02-24 11:20:13 [INFO]: GET /terminal/sincronizar/1 200 19916 - 7108.316 ms {}
2025-02-24 11:21:08 [INFO]: GET /terminal/1/usuarios 200 19775 - 11.774 ms {}
2025-02-24 11:21:08 [INFO]: GET /terminal/1 200 136 - 2.403 ms {}
2025-02-24 11:21:10 [INFO]: GET /terminales 200 1254 - 5.048 ms {}
2025-02-24 11:21:15 [INFO]: GET /terminal/11/usuarios 200 2 - 3.026 ms {}
2025-02-24 11:21:15 [INFO]: GET /terminal/11 200 110 - 2.697 ms {}
2025-02-24 11:21:18 [INFO]: GET /terminal/11/usuarios 200 2 - 5.677 ms {}
2025-02-24 11:21:18 [INFO]: GET /terminal/11 200 110 - 3.852 ms {}
2025-02-24 11:21:33 [INFO]: GET /terminal/sincronizar/11 200 27760 - 9267.483 ms {}
2025-02-24 11:52:48 [INFO]: GET /usuario/587 200 274 - 11.718 ms {}
2025-02-24 11:52:49 [INFO]: GET /usuario/587 200 274 - 5.411 ms {}
2025-02-24 11:52:49 [INFO]: GET /usuario/587/gestion/2025/mes/1 200 3506 - 101.727 ms {}
2025-02-24 11:52:54 [INFO]: GET /terminales 200 1276 - 2.606 ms {}
2025-02-24 11:52:56 [INFO]: GET /terminal/1/usuarios 200 19775 - 16.922 ms {}
2025-02-24 11:52:56 [INFO]: GET /terminal/1 200 136 - 7.097 ms {}
2025-02-24 11:53:02 [INFO]: GET /usuario/80 200 282 - 4.670 ms {}
2025-02-24 11:53:02 [INFO]: GET /usuario/80/gestion/2025/mes/1 200 9870 - 130.315 ms {}
2025-02-24 11:54:12 [INFO]: GET /usuario/80/gestion/2025/mes/2 200 5312 - 108.260 ms {}
2025-02-24 11:54:15 [INFO]: GET /usuario/80/gestion/2025/mes/1 200 9870 - 132.260 ms {}
2025-02-24 11:54:16 [INFO]: GET /usuario/80/gestion/2025/mes/0 200 8918 - 118.990 ms {}
2025-02-24 11:54:27 [INFO]: GET /usuario/80/gestion/2025/mes/1 200 9870 - 127.631 ms {}
2025-02-24 11:56:11 [INFO]: GET /usuario/80 304 - - 5.086 ms {}
2025-02-24 11:56:12 [INFO]: GET /usuario/80/ini/20250201/fin/20250224 200 6123 - 497.018 ms {}
2025-02-24 11:56:13 [INFO]: GET /terminal/1/usuarios 304 - - 10.941 ms {}
2025-02-24 11:56:13 [INFO]: GET /terminal/1 304 - - 3.344 ms {}
2025-02-24 11:56:14 [INFO]: GET /usuario/80 304 - - 4.213 ms {}
2025-02-24 11:56:14 [INFO]: GET /usuario/80/gestion/2025/mes/1 304 - - 121.098 ms {}
2025-02-24 11:56:17 [INFO]: GET /usuario/80/gestion/2025/mes/0 304 - - 121.462 ms {}
2025-02-24 14:50:42 [INFO]: Servidor Iniciado
2025-02-24 15:12:46 [INFO]: GET /terminal/1 200 136 - 14.791 ms {}
2025-02-24 15:12:46 [INFO]: GET /terminal/1/usuarios 200 19775 - 54.377 ms {}
2025-02-24 15:22:01 [INFO]: Servidor Iniciado
2025-02-24 15:22:36 [INFO]: Servidor Iniciado
2025-02-24 15:22:46 [INFO]: Servidor Iniciado
2025-02-24 15:25:17 [INFO]: GET /terminal/1 200 136 - 13.608 ms {}
2025-02-24 15:25:17 [INFO]: GET /terminal/1/usuarios 200 19775 - 52.426 ms {}
2025-02-24 15:28:03 [INFO]: GET /terminal/1/usuarios 200 19775 - 18.992 ms {}
2025-02-24 15:28:03 [INFO]: GET /terminal/1 200 136 - 13.873 ms {}
2025-02-24 15:28:17 [INFO]: GET /terminal/1/usuarios 200 19775 - 18.726 ms {}
2025-02-24 15:28:17 [INFO]: GET /terminal/1 200 136 - 3.538 ms {}
2025-02-24 15:29:31 [INFO]: GET /terminales 200 1276 - 2.436 ms {}
2025-02-24 15:29:33 [INFO]: GET /terminal/8/usuarios 200 2 - 4.926 ms {}
2025-02-24 15:29:33 [INFO]: GET /terminal/8 200 113 - 3.692 ms {}
2025-02-24 15:29:35 [INFO]: GET /terminales 200 1276 - 2.289 ms {}
2025-02-24 15:29:36 [INFO]: GET /terminal/11 200 132 - 5.168 ms {}
2025-02-24 15:29:36 [INFO]: GET /terminal/11/usuarios 200 27613 - 29.962 ms {}
2025-02-24 15:33:33 [INFO]: Servidor Iniciado
2025-02-24 15:33:39 [INFO]: GET /terminal/11 200 132 - 13.172 ms {}
2025-02-24 15:33:39 [INFO]: GET /terminal/11/usuarios 200 27613 - 62.827 ms {}
2025-02-24 15:42:50 [INFO]: Servidor Iniciado
2025-02-24 15:46:20 [INFO]: GET /terminal/11/usuarios 200 27613 - 54.809 ms {}
2025-02-24 15:46:20 [INFO]: GET /terminal/11 200 132 - 40.799 ms {}
2025-02-24 15:51:52 [INFO]: GET /terminal/11/usuarios 200 27613 - 29.198 ms {}
2025-02-24 15:51:52 [INFO]: GET /terminal/11 200 132 - 26.337 ms {}
2025-02-24 15:51:59 [INFO]: GET /terminal/11/usuarios 200 27613 - 15.154 ms {}
2025-02-24 15:51:59 [INFO]: GET /terminal/11 200 132 - 2.077 ms {}
2025-02-24 15:53:30 [INFO]: GET /terminal/11/usuarios 200 27613 - 15.915 ms {}
2025-02-24 15:53:30 [INFO]: GET /terminal/11 200 132 - 15.177 ms {}
2025-02-24 16:28:53 [INFO]: GET /terminal/11 200 132 - 3.930 ms {}
2025-02-24 16:28:53 [INFO]: GET /terminal/11/usuarios 200 27613 - 20.105 ms {}
2025-02-24 16:47:18 [INFO]: GET /terminales 200 1276 - 4.300 ms {}
2025-02-24 16:52:55 [INFO]: Servidor Iniciado
2025-02-24 16:53:00 [INFO]: GET /terminal/1 200 136 - 9.856 ms {}
2025-02-24 16:53:00 [INFO]: GET /terminal/1/usuarios 200 19775 - 56.104 ms {}
2025-02-24 16:54:06 [INFO]: Servidor Iniciado
2025-02-24 16:54:06 [INFO]: GET /terminal/1 200 136 - 12.769 ms {}
2025-02-24 16:54:06 [INFO]: GET /terminal/1/usuarios 200 19775 - 53.883 ms {}
2025-02-24 16:54:19 [INFO]: GET /usuario/2 200 287 - 7.518 ms {}
2025-02-24 17:47:00 [INFO]: GET /terminal/1/usuarios 200 19775 - 14.836 ms {}
2025-02-24 17:47:00 [INFO]: GET /terminal/1 200 136 - 11.786 ms {}
2025-02-24 17:52:23 [INFO]: Servidor Iniciado
2025-02-24 17:55:01 [INFO]: Servidor Iniciado
2025-02-24 17:57:23 [INFO]: Servidor Iniciado
2025-02-24 17:57:28 [INFO]: GET /terminal/1 200 136 - 11.433 ms {}
2025-02-24 17:58:49 [INFO]: Servidor Iniciado
2025-02-24 17:58:53 [INFO]: GET /terminal/1 200 136 - 14.522 ms {}
2025-02-24 18:05:01 [INFO]: Servidor Iniciado
2025-02-24 18:05:10 [INFO]: Servidor Iniciado
2025-02-24 18:06:26 [INFO]: GET /terminal/1 200 136 - 13.963 ms {}
2025-02-24 18:06:27 [INFO]: GET /terminal/1/usuarios 200 20195 - 361.408 ms {}
2025-02-24 18:07:08 [INFO]: GET /terminal/1 200 136 - 2.979 ms {}
2025-02-24 18:07:08 [INFO]: GET /terminal/1/usuarios 200 20195 - 285.084 ms {}
