2025-02-14 23:19:38 [ERROR]: prue4ba
2025-02-14 23:21:10 [ERROR]: uncaughtException: Este es un error de prueba
Error: Este es un error de prueba
    at Object.<anonymous> (C:\Users\pedrox10\Desktop\SistemaControlHorarios\HorarioServer\src\index.ts:33:7)
    at Module._compile (node:internal/modules/cjs/loader:1358:14)
    at Module._compile (C:\Users\pedrox10\Desktop\SistemaControlHorarios\HorarioServer\node_modules\source-map-support\source-map-support.js:568:25)
    at Module.m._compile (C:\Users\pedrox10\AppData\Local\Temp\ts-node-dev-hook-2273367678346112.js:69:33)
    at Module._extensions..js (node:internal/modules/cjs/loader:1416:10)
    at require.extensions..jsx.require.extensions..js (C:\Users\pedrox10\AppData\Local\Temp\ts-node-dev-hook-2273367678346112.js:114:20)
    at require.extensions.<computed> (C:\Users\pedrox10\AppData\Local\Temp\ts-node-dev-hook-2273367678346112.js:71:20)
    at Object.nodeDevHook [as .ts] (C:\Users\pedrox10\Desktop\SistemaControlHorarios\HorarioServer\node_modules\ts-node-dev\lib\hook.js:63:13)
    at Module.load (node:internal/modules/cjs/loader:1208:32)
    at Function.Module._load (node:internal/modules/cjs/loader:1024:12)
2025-02-24 17:57:28 [ERROR]: uncaughtException: Cannot read properties of undefined (reading 'filter')
TypeError: Cannot read properties of undefined (reading 'filter')
    at /home/developer/Desktop/Sistema Control de Horarios/HorariosServer/src/controllers/usuario.controller.ts:28:47
    at Generator.next (<anonymous>)
    at fulfilled (/home/developer/Desktop/Sistema Control de Horarios/HorariosServer/src/controllers/usuario.controller.ts:28:58)
    at processTicksAndRejections (node:internal/process/task_queues:95:5)
2025-02-24 17:58:53 [ERROR]: uncaughtException: Cannot read properties of undefined (reading 'filter')
TypeError: Cannot read properties of undefined (reading 'filter')
    at /home/developer/Desktop/Sistema Control de Horarios/HorariosServer/src/controllers/usuario.controller.ts:28:47
    at Generator.next (<anonymous>)
    at fulfilled (/home/developer/Desktop/Sistema Control de Horarios/HorariosServer/src/controllers/usuario.controller.ts:28:58)
    at processTicksAndRejections (node:internal/process/task_queues:95:5)
2025-02-25 22:54:21 [ERROR]: uncaughtException: Property "horarioMes" was not found in "Usuario". Make sure your query is correct.
EntityPropertyNotFoundError: Property "horarioMes" was not found in "Usuario". Make sure your query is correct.
    at SelectQueryBuilder.buildWhere (C:\Users\pedrox10\Desktop\SistemaControlHorarios\HorarioServer\src\query-builder\SelectQueryBuilder.ts:4256:27)
    at SelectQueryBuilder.buildWhere (C:\Users\pedrox10\Desktop\SistemaControlHorarios\HorarioServer\src\query-builder\SelectQueryBuilder.ts:4498:48)
    at SelectQueryBuilder.applyFindOptions (C:\Users\pedrox10\Desktop\SistemaControlHorarios\HorarioServer\src\query-builder\SelectQueryBuilder.ts:3141:40)
    at SelectQueryBuilder.setFindOptions (C:\Users\pedrox10\Desktop\SistemaControlHorarios\HorarioServer\src\query-builder\SelectQueryBuilder.ts:105:14)
    at EntityManager.find (C:\Users\pedrox10\Desktop\SistemaControlHorarios\HorarioServer\src\entity-manager\EntityManager.ts:1104:14)
    at Repository.find (C:\Users\pedrox10\Desktop\SistemaControlHorarios\HorarioServer\src\repository\Repository.ts:544:29)
    at Function.find (C:\Users\pedrox10\Desktop\SistemaControlHorarios\HorarioServer\src\repository\BaseEntity.ts:483:40)
    at C:\Users\pedrox10\Desktop\SistemaControlHorarios\HorarioServer\src\controllers\usuario.controller.ts:125:81
    at Generator.next (<anonymous>)
    at fulfilled (C:\Users\pedrox10\Desktop\SistemaControlHorarios\HorarioServer\src\controllers\usuario.controller.ts:28:58)
2025-02-25 22:56:36 [ERROR]: uncaughtException: Property "horarioMes" was not found in "Usuario". Make sure your query is correct.
EntityPropertyNotFoundError: Property "horarioMes" was not found in "Usuario". Make sure your query is correct.
    at SelectQueryBuilder.buildWhere (C:\Users\pedrox10\Desktop\SistemaControlHorarios\HorarioServer\src\query-builder\SelectQueryBuilder.ts:4256:27)
    at SelectQueryBuilder.buildWhere (C:\Users\pedrox10\Desktop\SistemaControlHorarios\HorarioServer\src\query-builder\SelectQueryBuilder.ts:4498:48)
    at SelectQueryBuilder.applyFindOptions (C:\Users\pedrox10\Desktop\SistemaControlHorarios\HorarioServer\src\query-builder\SelectQueryBuilder.ts:3141:40)
    at SelectQueryBuilder.setFindOptions (C:\Users\pedrox10\Desktop\SistemaControlHorarios\HorarioServer\src\query-builder\SelectQueryBuilder.ts:105:14)
    at EntityManager.find (C:\Users\pedrox10\Desktop\SistemaControlHorarios\HorarioServer\src\entity-manager\EntityManager.ts:1104:14)
    at Repository.find (C:\Users\pedrox10\Desktop\SistemaControlHorarios\HorarioServer\src\repository\Repository.ts:544:29)
    at Function.find (C:\Users\pedrox10\Desktop\SistemaControlHorarios\HorarioServer\src\repository\BaseEntity.ts:483:40)
    at C:\Users\pedrox10\Desktop\SistemaControlHorarios\HorarioServer\src\controllers\usuario.controller.ts:125:81
    at Generator.next (<anonymous>)
    at fulfilled (C:\Users\pedrox10\Desktop\SistemaControlHorarios\HorarioServer\src\controllers\usuario.controller.ts:28:58)
2025-02-25 23:00:27 [ERROR]: uncaughtException: Property "horarioMes" was not found in "Usuario". Make sure your query is correct.
EntityPropertyNotFoundError: Property "horarioMes" was not found in "Usuario". Make sure your query is correct.
    at SelectQueryBuilder.buildWhere (C:\Users\pedrox10\Desktop\SistemaControlHorarios\HorarioServer\src\query-builder\SelectQueryBuilder.ts:4256:27)
    at SelectQueryBuilder.buildWhere (C:\Users\pedrox10\Desktop\SistemaControlHorarios\HorarioServer\src\query-builder\SelectQueryBuilder.ts:4498:48)
    at SelectQueryBuilder.applyFindOptions (C:\Users\pedrox10\Desktop\SistemaControlHorarios\HorarioServer\src\query-builder\SelectQueryBuilder.ts:3141:40)
    at SelectQueryBuilder.setFindOptions (C:\Users\pedrox10\Desktop\SistemaControlHorarios\HorarioServer\src\query-builder\SelectQueryBuilder.ts:105:14)
    at EntityManager.findOne (C:\Users\pedrox10\Desktop\SistemaControlHorarios\HorarioServer\src\entity-manager\EntityManager.ts:1211:14)
    at Repository.findOne (C:\Users\pedrox10\Desktop\SistemaControlHorarios\HorarioServer\src\repository\Repository.ts:597:29)
    at Function.findOne (C:\Users\pedrox10\Desktop\SistemaControlHorarios\HorarioServer\src\repository\BaseEntity.ts:544:40)
    at C:\Users\pedrox10\Desktop\SistemaControlHorarios\HorarioServer\src\controllers\horario.controller.ts:252:33
    at Generator.next (<anonymous>)
    at C:\Users\pedrox10\Desktop\SistemaControlHorarios\HorarioServer\src\controllers\horario.controller.ts:31:71
2025-02-26 17:16:40 [ERROR]: uncaughtException: child exited with code 1
Error: child exited with code 1
    at ChildProcess.<anonymous> (/home/developer/Desktop/Sistema Control de Horarios/HorariosServer/node_modules/await-spawn/index.js:28:21)
    at ChildProcess.emit (node:events:517:28)
    at maybeClose (node:internal/child_process:1098:16)
    at Process.ChildProcess._handle.onexit (node:internal/child_process:303:5)
2025-02-26 17:19:18 [ERROR]: uncaughtException: child exited with code 1
Error: child exited with code 1
    at ChildProcess.<anonymous> (/home/developer/Desktop/Sistema Control de Horarios/HorariosServer/node_modules/await-spawn/index.js:28:21)
    at ChildProcess.emit (node:events:517:28)
    at maybeClose (node:internal/child_process:1098:16)
    at Process.ChildProcess._handle.onexit (node:internal/child_process:303:5)
2025-02-26 17:20:04 [ERROR]: uncaughtException: child exited with code 1
Error: child exited with code 1
    at ChildProcess.<anonymous> (/home/developer/Desktop/Sistema Control de Horarios/HorariosServer/node_modules/await-spawn/index.js:28:21)
    at ChildProcess.emit (node:events:517:28)
    at maybeClose (node:internal/child_process:1098:16)
    at Process.ChildProcess._handle.onexit (node:internal/child_process:303:5)
2025-02-26 17:31:06 [ERROR]: uncaughtException: child exited with code 1
Error: child exited with code 1
    at ChildProcess.<anonymous> (/home/developer/Desktop/Sistema Control de Horarios/HorariosServer/node_modules/await-spawn/index.js:28:21)
    at ChildProcess.emit (node:events:517:28)
    at maybeClose (node:internal/child_process:1098:16)
    at Socket.<anonymous> (node:internal/child_process:450:11)
    at Socket.emit (node:events:517:28)
    at Pipe.<anonymous> (node:net:351:12)
2025-02-26 17:34:18 [ERROR]: uncaughtException: child exited with code 1
Error: child exited with code 1
    at ChildProcess.<anonymous> (/home/developer/Desktop/Sistema Control de Horarios/HorariosServer/node_modules/await-spawn/index.js:28:21)
    at ChildProcess.emit (node:events:517:28)
    at maybeClose (node:internal/child_process:1098:16)
    at Process.ChildProcess._handle.onexit (node:internal/child_process:303:5)
2025-03-10 15:06:59 [ERROR]: uncaughtException: ER_INVALID_DEFAULT: Invalid default value for 'ultSincronizacion'
QueryFailedError: ER_INVALID_DEFAULT: Invalid default value for 'ultSincronizacion'
    at Query.<anonymous> (/home/developer/Desktop/Sistema Control de Horarios/HorariosServer/src/driver/mysql/MysqlQueryRunner.ts:246:33)
    at Query.<anonymous> (/home/developer/Desktop/Sistema Control de Horarios/HorariosServer/node_modules/mysql/lib/Connection.js:526:10)
    at Query._callback (/home/developer/Desktop/Sistema Control de Horarios/HorariosServer/node_modules/mysql/lib/Connection.js:488:16)
    at Query.Sequence.end (/home/developer/Desktop/Sistema Control de Horarios/HorariosServer/node_modules/mysql/lib/protocol/sequences/Sequence.js:83:24)
    at Query.ErrorPacket (/home/developer/Desktop/Sistema Control de Horarios/HorariosServer/node_modules/mysql/lib/protocol/sequences/Query.js:92:8)
    at Protocol._parsePacket (/home/developer/Desktop/Sistema Control de Horarios/HorariosServer/node_modules/mysql/lib/protocol/Protocol.js:291:23)
    at Parser._parsePacket (/home/developer/Desktop/Sistema Control de Horarios/HorariosServer/node_modules/mysql/lib/protocol/Parser.js:433:10)
    at Parser.write (/home/developer/Desktop/Sistema Control de Horarios/HorariosServer/node_modules/mysql/lib/protocol/Parser.js:43:10)
    at Protocol.write (/home/developer/Desktop/Sistema Control de Horarios/HorariosServer/node_modules/mysql/lib/protocol/Protocol.js:38:16)
    at Socket.<anonymous> (/home/developer/Desktop/Sistema Control de Horarios/HorariosServer/node_modules/mysql/lib/Connection.js:88:28)
2025-03-10 15:08:06 [ERROR]: uncaughtException: ER_INVALID_DEFAULT: Invalid default value for 'ultSincronizacion'
QueryFailedError: ER_INVALID_DEFAULT: Invalid default value for 'ultSincronizacion'
    at Query.<anonymous> (/home/developer/Desktop/Sistema Control de Horarios/HorariosServer/src/driver/mysql/MysqlQueryRunner.ts:246:33)
    at Query.<anonymous> (/home/developer/Desktop/Sistema Control de Horarios/HorariosServer/node_modules/mysql/lib/Connection.js:526:10)
    at Query._callback (/home/developer/Desktop/Sistema Control de Horarios/HorariosServer/node_modules/mysql/lib/Connection.js:488:16)
    at Query.Sequence.end (/home/developer/Desktop/Sistema Control de Horarios/HorariosServer/node_modules/mysql/lib/protocol/sequences/Sequence.js:83:24)
    at Query.ErrorPacket (/home/developer/Desktop/Sistema Control de Horarios/HorariosServer/node_modules/mysql/lib/protocol/sequences/Query.js:92:8)
    at Protocol._parsePacket (/home/developer/Desktop/Sistema Control de Horarios/HorariosServer/node_modules/mysql/lib/protocol/Protocol.js:291:23)
    at Parser._parsePacket (/home/developer/Desktop/Sistema Control de Horarios/HorariosServer/node_modules/mysql/lib/protocol/Parser.js:433:10)
    at Parser.write (/home/developer/Desktop/Sistema Control de Horarios/HorariosServer/node_modules/mysql/lib/protocol/Parser.js:43:10)
    at Protocol.write (/home/developer/Desktop/Sistema Control de Horarios/HorariosServer/node_modules/mysql/lib/protocol/Protocol.js:38:16)
    at Socket.<anonymous> (/home/developer/Desktop/Sistema Control de Horarios/HorariosServer/node_modules/mysql/lib/Connection.js:88:28)
